app/build/intermediates/manifest_merge_blame_file/debug/manifest-merger-blame-debug-report.txt
1<?xml version="1.0" encoding="utf-8"?>
2<manifest xmlns:android="http://schemas.android.com/apk/res/android"
3    package="com.example.a31008527_springcoursework"
4    android:versionCode="1"
5    android:versionName="1.0" >
6
7    <uses-sdk
8        android:minSdkVersion="24"
9        android:targetSdkVersion="34" />
10
11    <uses-permission android:name="android.permission.INTERNET" />
11-->src\main\AndroidManifest.xml:5:5-67
11-->src\main\AndroidManifest.xml:5:22-64
12    <uses-permission android:name="android.permission.ACCESS_NETWORK_STATE" />
12-->[com.google.firebase:firebase-auth:22.3.1] AndroidManifest.xml:26:5-79
12-->[com.google.firebase:firebase-auth:22.3.1] AndroidManifest.xml:26:22-76
13    <uses-permission android:name="com.google.android.providers.gsf.permission.READ_GSERVICES" />
13-->[com.google.android.recaptcha:recaptcha:18.4.0] AndroidManifest.xml:9:5-98
13-->[com.google.android.recaptcha:recaptcha:18.4.0] AndroidManifest.xml:9:22-95
14
15    <permission
15-->[androidx.core:core:1.9.0] AndroidManifest.xml:22:5-24:47
16        android:name="com.example.a31008527_springcoursework.DYNAMIC_RECEIVER_NOT_EXPORTED_PERMISSION"
16-->[androidx.core:core:1.9.0] AndroidManifest.xml:23:9-81
17        android:protectionLevel="signature" />
17-->[androidx.core:core:1.9.0] AndroidManifest.xml:24:9-44
18
19    <uses-permission android:name="com.example.a31008527_springcoursework.DYNAMIC_RECEIVER_NOT_EXPORTED_PERMISSION" />
19-->[androidx.core:core:1.9.0] AndroidManifest.xml:26:5-97
19-->[androidx.core:core:1.9.0] AndroidManifest.xml:26:22-94
20
21    <application
21-->src\main\AndroidManifest.xml:7:5-38:19
22        android:allowBackup="true"
22-->src\main\AndroidManifest.xml:8:9-35
23        android:appComponentFactory="androidx.core.app.CoreComponentFactory"
23-->[androidx.core:core:1.9.0] AndroidManifest.xml:28:18-86
24        android:dataExtractionRules="@xml/data_extraction_rules"
24-->src\main\AndroidManifest.xml:9:9-65
25        android:debuggable="true"
26        android:extractNativeLibs="false"
27        android:fullBackupContent="@xml/backup_rules"
27-->src\main\AndroidManifest.xml:10:9-54
28        android:icon="@mipmap/ic_launcher"
28-->src\main\AndroidManifest.xml:11:9-43
29        android:label="@string/app_name"
29-->src\main\AndroidManifest.xml:12:9-41
30        android:roundIcon="@mipmap/ic_launcher_round"
30-->src\main\AndroidManifest.xml:13:9-54
31        android:supportsRtl="true"
31-->src\main\AndroidManifest.xml:14:9-35
32        android:testOnly="true"
33        android:theme="@style/Theme._31008527SpringCoursework" >
33-->src\main\AndroidManifest.xml:15:9-63
34        <activity
34-->src\main\AndroidManifest.xml:17:9-19:40
35            android:name="com.example.a31008527_springcoursework.LoginActivity"
35-->src\main\AndroidManifest.xml:18:13-42
36            android:exported="false" />
36-->src\main\AndroidManifest.xml:19:13-37
37        <activity
37-->src\main\AndroidManifest.xml:20:9-22:40
38            android:name="com.example.a31008527_springcoursework.AppHomePage"
38-->src\main\AndroidManifest.xml:21:13-40
39            android:exported="false" />
39-->src\main\AndroidManifest.xml:22:13-37
40        <activity
40-->src\main\AndroidManifest.xml:23:9-25:40
41            android:name="com.example.a31008527_springcoursework.WelcomeActivity"
41-->src\main\AndroidManifest.xml:24:13-44
42            android:exported="false" />
42-->src\main\AndroidManifest.xml:25:13-37
43        <activity
43-->src\main\AndroidManifest.xml:26:9-28:40
44            android:name="com.example.a31008527_springcoursework.RegistrationActivity"
44-->src\main\AndroidManifest.xml:27:13-49
45            android:exported="false" />
45-->src\main\AndroidManifest.xml:28:13-37
46        <activity
46-->src\main\AndroidManifest.xml:29:9-37:20
47            android:name="com.example.a31008527_springcoursework.SplashScreenUoe"
47-->src\main\AndroidManifest.xml:30:13-44
48            android:exported="true" >
48-->src\main\AndroidManifest.xml:31:13-36
49            <intent-filter>
49-->src\main\AndroidManifest.xml:32:13-36:29
50                <action android:name="android.intent.action.MAIN" />
50-->src\main\AndroidManifest.xml:33:17-69
50-->src\main\AndroidManifest.xml:33:25-66
51
52                <category android:name="android.intent.category.LAUNCHER" />
52-->src\main\AndroidManifest.xml:35:17-77
52-->src\main\AndroidManifest.xml:35:27-74
53            </intent-filter>
54        </activity>
55        <activity
55-->[com.google.firebase:firebase-auth:22.3.1] AndroidManifest.xml:29:9-46:20
56            android:name="com.google.firebase.auth.internal.GenericIdpActivity"
56-->[com.google.firebase:firebase-auth:22.3.1] AndroidManifest.xml:30:13-80
57            android:excludeFromRecents="true"
57-->[com.google.firebase:firebase-auth:22.3.1] AndroidManifest.xml:31:13-46
58            android:exported="true"
58-->[com.google.firebase:firebase-auth:22.3.1] AndroidManifest.xml:32:13-36
59            android:launchMode="singleTask"
59-->[com.google.firebase:firebase-auth:22.3.1] AndroidManifest.xml:33:13-44
60            android:theme="@android:style/Theme.Translucent.NoTitleBar" >
60-->[com.google.firebase:firebase-auth:22.3.1] AndroidManifest.xml:34:13-72
61            <intent-filter>
61-->[com.google.firebase:firebase-auth:22.3.1] AndroidManifest.xml:35:13-45:29
62                <action android:name="android.intent.action.VIEW" />
62-->[com.google.firebase:firebase-auth:22.3.1] AndroidManifest.xml:36:17-69
62-->[com.google.firebase:firebase-auth:22.3.1] AndroidManifest.xml:36:25-66
63
64                <category android:name="android.intent.category.DEFAULT" />
64-->[com.google.firebase:firebase-auth:22.3.1] AndroidManifest.xml:38:17-76
64-->[com.google.firebase:firebase-auth:22.3.1] AndroidManifest.xml:38:27-73
65                <category android:name="android.intent.category.BROWSABLE" />
65-->[com.google.firebase:firebase-auth:22.3.1] AndroidManifest.xml:39:17-78
65-->[com.google.firebase:firebase-auth:22.3.1] AndroidManifest.xml:39:27-75
66
67                <data
67-->[com.google.firebase:firebase-auth:22.3.1] AndroidManifest.xml:41:17-44:51
68                    android:host="firebase.auth"
68-->[com.google.firebase:firebase-auth:22.3.1] AndroidManifest.xml:42:21-49
69                    android:path="/"
69-->[com.google.firebase:firebase-auth:22.3.1] AndroidManifest.xml:43:21-37
70                    android:scheme="genericidp" />
70-->[com.google.firebase:firebase-auth:22.3.1] AndroidManifest.xml:44:21-48
71            </intent-filter>
72        </activity>
73        <activity
73-->[com.google.firebase:firebase-auth:22.3.1] AndroidManifest.xml:47:9-64:20
74            android:name="com.google.firebase.auth.internal.RecaptchaActivity"
74-->[com.google.firebase:firebase-auth:22.3.1] AndroidManifest.xml:48:13-79
75            android:excludeFromRecents="true"
75-->[com.google.firebase:firebase-auth:22.3.1] AndroidManifest.xml:49:13-46
76            android:exported="true"
76-->[com.google.firebase:firebase-auth:22.3.1] AndroidManifest.xml:50:13-36
77            android:launchMode="singleTask"
77-->[com.google.firebase:firebase-auth:22.3.1] AndroidManifest.xml:51:13-44
78            android:theme="@android:style/Theme.Translucent.NoTitleBar" >
78-->[com.google.firebase:firebase-auth:22.3.1] AndroidManifest.xml:52:13-72
79            <intent-filter>
79-->[com.google.firebase:firebase-auth:22.3.1] AndroidManifest.xml:53:13-63:29
80                <action android:name="android.intent.action.VIEW" />
80-->[com.google.firebase:firebase-auth:22.3.1] AndroidManifest.xml:36:17-69
80-->[com.google.firebase:firebase-auth:22.3.1] AndroidManifest.xml:36:25-66
81
82                <category android:name="android.intent.category.DEFAULT" />
82-->[com.google.firebase:firebase-auth:22.3.1] AndroidManifest.xml:38:17-76
82-->[com.google.firebase:firebase-auth:22.3.1] AndroidManifest.xml:38:27-73
83                <category android:name="android.intent.category.BROWSABLE" />
83-->[com.google.firebase:firebase-auth:22.3.1] AndroidManifest.xml:39:17-78
83-->[com.google.firebase:firebase-auth:22.3.1] AndroidManifest.xml:39:27-75
84
85                <data
85-->[com.google.firebase:firebase-auth:22.3.1] AndroidManifest.xml:41:17-44:51
86                    android:host="firebase.auth"
86-->[com.google.firebase:firebase-auth:22.3.1] AndroidManifest.xml:42:21-49
87                    android:path="/"
87-->[com.google.firebase:firebase-auth:22.3.1] AndroidManifest.xml:43:21-37
88                    android:scheme="recaptcha" />
88-->[com.google.firebase:firebase-auth:22.3.1] AndroidManifest.xml:44:21-48
89            </intent-filter>
90        </activity>
91
92        <service
92-->[com.google.firebase:firebase-auth:22.3.1] AndroidManifest.xml:66:9-72:19
93            android:name="com.google.firebase.components.ComponentDiscoveryService"
93-->[com.google.firebase:firebase-auth:22.3.1] AndroidManifest.xml:67:13-84
94            android:directBootAware="true"
94-->[com.google.firebase:firebase-common:20.4.2] AndroidManifest.xml:32:13-43
95            android:exported="false" >
95-->[com.google.firebase:firebase-auth:22.3.1] AndroidManifest.xml:68:13-37
96            <meta-data
96-->[com.google.firebase:firebase-auth:22.3.1] AndroidManifest.xml:69:13-71:85
97                android:name="com.google.firebase.components:com.google.firebase.auth.FirebaseAuthRegistrar"
97-->[com.google.firebase:firebase-auth:22.3.1] AndroidManifest.xml:70:17-109
98                android:value="com.google.firebase.components.ComponentRegistrar" />
98-->[com.google.firebase:firebase-auth:22.3.1] AndroidManifest.xml:71:17-82
99            <meta-data
99-->[com.google.firebase:firebase-common-ktx:20.4.2] AndroidManifest.xml:12:13-14:85
100                android:name="com.google.firebase.components:com.google.firebase.ktx.FirebaseCommonLegacyRegistrar"
100-->[com.google.firebase:firebase-common-ktx:20.4.2] AndroidManifest.xml:13:17-116
101                android:value="com.google.firebase.components.ComponentRegistrar" />
101-->[com.google.firebase:firebase-common-ktx:20.4.2] AndroidManifest.xml:14:17-82
102            <meta-data
102-->[com.google.firebase:firebase-common:20.4.2] AndroidManifest.xml:35:13-37:85
103                android:name="com.google.firebase.components:com.google.firebase.FirebaseCommonKtxRegistrar"
103-->[com.google.firebase:firebase-common:20.4.2] AndroidManifest.xml:36:17-109
104                android:value="com.google.firebase.components.ComponentRegistrar" />
104-->[com.google.firebase:firebase-common:20.4.2] AndroidManifest.xml:37:17-82
105        </service>
106
107        <provider
107-->[com.squareup.picasso:picasso:2.8] AndroidManifest.xml:8:9-11:40
108            android:name="com.squareup.picasso.PicassoProvider"
108-->[com.squareup.picasso:picasso:2.8] AndroidManifest.xml:9:13-64
109            android:authorities="com.example.a31008527_springcoursework.com.squareup.picasso"
109-->[com.squareup.picasso:picasso:2.8] AndroidManifest.xml:10:13-72
110            android:exported="false" />
110-->[com.squareup.picasso:picasso:2.8] AndroidManifest.xml:11:13-37
111        <provider
111-->[androidx.emoji2:emoji2:1.2.0] AndroidManifest.xml:24:9-32:20
112            android:name="androidx.startup.InitializationProvider"
112-->[androidx.emoji2:emoji2:1.2.0] AndroidManifest.xml:25:13-67
113            android:authorities="com.example.a31008527_springcoursework.androidx-startup"
113-->[androidx.emoji2:emoji2:1.2.0] AndroidManifest.xml:26:13-68
114            android:exported="false" >
114-->[androidx.emoji2:emoji2:1.2.0] AndroidManifest.xml:27:13-37
115            <meta-data
115-->[androidx.emoji2:emoji2:1.2.0] AndroidManifest.xml:29:13-31:52
116                android:name="androidx.emoji2.text.EmojiCompatInitializer"
116-->[androidx.emoji2:emoji2:1.2.0] AndroidManifest.xml:30:17-75
117                android:value="androidx.startup" />
117-->[androidx.emoji2:emoji2:1.2.0] AndroidManifest.xml:31:17-49
118            <meta-data
118-->[androidx.lifecycle:lifecycle-process:2.6.1] AndroidManifest.xml:29:13-31:52
119                android:name="androidx.lifecycle.ProcessLifecycleInitializer"
119-->[androidx.lifecycle:lifecycle-process:2.6.1] AndroidManifest.xml:30:17-78
120                android:value="androidx.startup" />
120-->[androidx.lifecycle:lifecycle-process:2.6.1] AndroidManifest.xml:31:17-49
121            <meta-data
121-->[androidx.profileinstaller:profileinstaller:1.3.0] AndroidManifest.xml:29:13-31:52
122                android:name="androidx.profileinstaller.ProfileInstallerInitializer"
122-->[androidx.profileinstaller:profileinstaller:1.3.0] AndroidManifest.xml:30:17-85
123                android:value="androidx.startup" />
123-->[androidx.profileinstaller:profileinstaller:1.3.0] AndroidManifest.xml:31:17-49
124        </provider>
125        <provider
125-->[com.google.firebase:firebase-common:20.4.2] AndroidManifest.xml:23:9-28:39
126            android:name="com.google.firebase.provider.FirebaseInitProvider"
126-->[com.google.firebase:firebase-common:20.4.2] AndroidManifest.xml:24:13-77
127            android:authorities="com.example.a31008527_springcoursework.firebaseinitprovider"
127-->[com.google.firebase:firebase-common:20.4.2] AndroidManifest.xml:25:13-72
128            android:directBootAware="true"
128-->[com.google.firebase:firebase-common:20.4.2] AndroidManifest.xml:26:13-43
129            android:exported="false"
129-->[com.google.firebase:firebase-common:20.4.2] AndroidManifest.xml:27:13-37
130            android:initOrder="100" />
130-->[com.google.firebase:firebase-common:20.4.2] AndroidManifest.xml:28:13-36
131
132        <uses-library
132-->[androidx.window:window:1.0.0] AndroidManifest.xml:25:9-27:40
133            android:name="androidx.window.extensions"
133-->[androidx.window:window:1.0.0] AndroidManifest.xml:26:13-54
134            android:required="false" />
134-->[androidx.window:window:1.0.0] AndroidManifest.xml:27:13-37
135        <uses-library
135-->[androidx.window:window:1.0.0] AndroidManifest.xml:28:9-30:40
136            android:name="androidx.window.sidecar"
136-->[androidx.window:window:1.0.0] AndroidManifest.xml:29:13-51
137            android:required="false" />
137-->[androidx.window:window:1.0.0] AndroidManifest.xml:30:13-37
138
139        <activity
139-->[com.google.android.gms:play-services-base:18.0.1] AndroidManifest.xml:20:9-22:45
140            android:name="com.google.android.gms.common.api.GoogleApiActivity"
140-->[com.google.android.gms:play-services-base:18.0.1] AndroidManifest.xml:20:19-85
141            android:exported="false"
141-->[com.google.android.gms:play-services-base:18.0.1] AndroidManifest.xml:22:19-43
142            android:theme="@android:style/Theme.Translucent.NoTitleBar" />
142-->[com.google.android.gms:play-services-base:18.0.1] AndroidManifest.xml:21:19-78
143
144        <meta-data
144-->[com.google.android.gms:play-services-basement:18.1.0] AndroidManifest.xml:21:9-23:69
145            android:name="com.google.android.gms.version"
145-->[com.google.android.gms:play-services-basement:18.1.0] AndroidManifest.xml:22:13-58
146            android:value="@integer/google_play_services_version" />
146-->[com.google.android.gms:play-services-basement:18.1.0] AndroidManifest.xml:23:13-66
147
148        <receiver
148-->[androidx.profileinstaller:profileinstaller:1.3.0] AndroidManifest.xml:34:9-52:20
149            android:name="androidx.profileinstaller.ProfileInstallReceiver"
149-->[androidx.profileinstaller:profileinstaller:1.3.0] AndroidManifest.xml:35:13-76
150            android:directBootAware="false"
150-->[androidx.profileinstaller:profileinstaller:1.3.0] AndroidManifest.xml:36:13-44
151            android:enabled="true"
151-->[androidx.profileinstaller:profileinstaller:1.3.0] AndroidManifest.xml:37:13-35
152            android:exported="true"
152-->[androidx.profileinstaller:profileinstaller:1.3.0] AndroidManifest.xml:38:13-36
153            android:permission="android.permission.DUMP" >
153-->[androidx.profileinstaller:profileinstaller:1.3.0] AndroidManifest.xml:39:13-57
154            <intent-filter>
154-->[androidx.profileinstaller:profileinstaller:1.3.0] AndroidManifest.xml:40:13-42:29
155                <action android:name="androidx.profileinstaller.action.INSTALL_PROFILE" />
155-->[androidx.profileinstaller:profileinstaller:1.3.0] AndroidManifest.xml:41:17-91
155-->[androidx.profileinstaller:profileinstaller:1.3.0] AndroidManifest.xml:41:25-88
156            </intent-filter>
157            <intent-filter>
157-->[androidx.profileinstaller:profileinstaller:1.3.0] AndroidManifest.xml:43:13-45:29
158                <action android:name="androidx.profileinstaller.action.SKIP_FILE" />
158-->[androidx.profileinstaller:profileinstaller:1.3.0] AndroidManifest.xml:44:17-85
158-->[androidx.profileinstaller:profileinstaller:1.3.0] AndroidManifest.xml:44:25-82
159            </intent-filter>
160            <intent-filter>
160-->[androidx.profileinstaller:profileinstaller:1.3.0] AndroidManifest.xml:46:13-48:29
161                <action android:name="androidx.profileinstaller.action.SAVE_PROFILE" />
161-->[androidx.profileinstaller:profileinstaller:1.3.0] AndroidManifest.xml:47:17-88
161-->[androidx.profileinstaller:profileinstaller:1.3.0] AndroidManifest.xml:47:25-85
162            </intent-filter>
163            <intent-filter>
163-->[androidx.profileinstaller:profileinstaller:1.3.0] AndroidManifest.xml:49:13-51:29
164                <action android:name="androidx.profileinstaller.action.BENCHMARK_OPERATION" />
164-->[androidx.profileinstaller:profileinstaller:1.3.0] AndroidManifest.xml:50:17-95
164-->[androidx.profileinstaller:profileinstaller:1.3.0] AndroidManifest.xml:50:25-92
165            </intent-filter>
166        </receiver>
167    </application>
168
169</manifest>